<?xml version="1.0" encoding="UTF-8"?>
<!-- Generated by org.testng.reporters.JUnitReportReporter -->
<testsuite hostname="CPX-6Q66GL2UREG" failures="0" tests="1" name="tests.BaseClass" time="0.006" errors="0" timestamp="2020-11-08T18:41:41 EST" skipped="0">
  <testcase classname="tests.BaseClass" name="sampleTest" time="0.006"/>
  <system-out/>
</testsuite> <!-- tests.BaseClass -->
